0 info it worked if it ends with ok
1 verbose cli [ 'node',
1 verbose cli   '/usr/local/bin/npm',
1 verbose cli   'install',
1 verbose cli   'BufferHelper',
1 verbose cli   '--save-dev' ]
2 info using npm@2.11.0
3 info using node@v0.12.4
4 verbose install initial load of /Users/moshujian/Documents/MyProject/Braeco_manage/package.json
5 warn package.json Braeco_manage@1.0.0 No repository field.
6 warn package.json Braeco_manage@1.0.0 No README data
7 verbose installManyTop reading scoped package data from /Users/moshujian/Documents/MyProject/Braeco_manage/node_modules/body-parser/package.json
8 verbose installManyTop reading scoped package data from /Users/moshujian/Documents/MyProject/Braeco_manage/node_modules/connect-livereload/package.json
9 verbose installManyTop reading scoped package data from /Users/moshujian/Documents/MyProject/Braeco_manage/node_modules/express/package.json
10 verbose installManyTop reading scoped package data from /Users/moshujian/Documents/MyProject/Braeco_manage/node_modules/grunt/package.json
11 verbose installManyTop reading scoped package data from /Users/moshujian/Documents/MyProject/Braeco_manage/node_modules/grunt-browserify/package.json
12 verbose installManyTop reading scoped package data from /Users/moshujian/Documents/MyProject/Braeco_manage/node_modules/grunt-contrib-clean/package.json
13 verbose installManyTop reading scoped package data from /Users/moshujian/Documents/MyProject/Braeco_manage/node_modules/grunt-contrib-coffee/package.json
14 verbose installManyTop reading scoped package data from /Users/moshujian/Documents/MyProject/Braeco_manage/node_modules/grunt-contrib-concat/package.json
15 verbose installManyTop reading scoped package data from /Users/moshujian/Documents/MyProject/Braeco_manage/node_modules/grunt-contrib-connect/package.json
16 verbose installManyTop reading scoped package data from /Users/moshujian/Documents/MyProject/Braeco_manage/node_modules/grunt-contrib-copy/package.json
17 verbose installManyTop reading scoped package data from /Users/moshujian/Documents/MyProject/Braeco_manage/node_modules/grunt-contrib-cssmin/package.json
18 verbose installManyTop reading scoped package data from /Users/moshujian/Documents/MyProject/Braeco_manage/node_modules/grunt-contrib-jade/package.json
19 verbose installManyTop reading scoped package data from /Users/moshujian/Documents/MyProject/Braeco_manage/node_modules/grunt-contrib-jshint/package.json
20 verbose installManyTop reading scoped package data from /Users/moshujian/Documents/MyProject/Braeco_manage/node_modules/grunt-contrib-less/package.json
21 verbose installManyTop reading scoped package data from /Users/moshujian/Documents/MyProject/Braeco_manage/node_modules/grunt-contrib-nodeunit/package.json
22 verbose installManyTop reading scoped package data from /Users/moshujian/Documents/MyProject/Braeco_manage/node_modules/grunt-contrib-sass/package.json
23 verbose installManyTop reading scoped package data from /Users/moshujian/Documents/MyProject/Braeco_manage/node_modules/grunt-contrib-uglify/package.json
24 verbose installManyTop reading scoped package data from /Users/moshujian/Documents/MyProject/Braeco_manage/node_modules/grunt-contrib-watch/package.json
25 verbose installManyTop reading scoped package data from /Users/moshujian/Documents/MyProject/Braeco_manage/node_modules/grunt-express-server/package.json
26 verbose installManyTop reading scoped package data from /Users/moshujian/Documents/MyProject/Braeco_manage/node_modules/grunt-filerev/package.json
27 verbose installManyTop reading scoped package data from /Users/moshujian/Documents/MyProject/Braeco_manage/node_modules/grunt-hashmap/package.json
28 verbose installManyTop reading scoped package data from /Users/moshujian/Documents/MyProject/Braeco_manage/node_modules/grunt-jade/package.json
29 verbose installManyTop reading scoped package data from /Users/moshujian/Documents/MyProject/Braeco_manage/node_modules/grunt-livescript/package.json
30 verbose installManyTop reading scoped package data from /Users/moshujian/Documents/MyProject/Braeco_manage/node_modules/grunt-ssh/package.json
31 verbose installManyTop reading scoped package data from /Users/moshujian/Documents/MyProject/Braeco_manage/node_modules/grunt-usemin/package.json
32 verbose installManyTop reading scoped package data from /Users/moshujian/Documents/MyProject/Braeco_manage/node_modules/html/package.json
33 verbose installManyTop reading scoped package data from /Users/moshujian/Documents/MyProject/Braeco_manage/node_modules/jade/package.json
34 verbose installManyTop reading scoped package data from /Users/moshujian/Documents/MyProject/Braeco_manage/node_modules/md5-file/package.json
35 verbose installManyTop reading scoped package data from /Users/moshujian/Documents/MyProject/Braeco_manage/node_modules/morgan/package.json
36 verbose installManyTop reading scoped package data from /Users/moshujian/Documents/MyProject/Braeco_manage/node_modules/passport/package.json
37 verbose installManyTop reading scoped package data from /Users/moshujian/Documents/MyProject/Braeco_manage/node_modules/serve-index/package.json
38 verbose installManyTop reading scoped package data from /Users/moshujian/Documents/MyProject/Braeco_manage/node_modules/serve-static/package.json
39 info package.json grunt-browserify@4.0.1 No license field.
40 info package.json grunt-contrib-clean@0.6.0 No license field.
41 info package.json grunt-contrib-concat@0.5.1 No license field.
42 info package.json grunt-contrib-nodeunit@0.4.1 No license field.
43 info package.json grunt-contrib-watch@0.6.1 No license field.
44 info package.json grunt-filerev@2.3.1 license should be a valid SPDX license expression
45 info package.json grunt-hashmap@0.1.5 No license field.
46 info package.json grunt-contrib-coffee@0.13.0 No license field.
47 info package.json grunt@0.4.5 No license field.
48 info package.json grunt-livescript@0.6.0 No license field.
49 info package.json grunt-contrib-sass@0.9.2 No license field.
50 info package.json grunt-jade@0.5.1 No license field.
51 info package.json html@0.0.10 license should be a valid SPDX license expression
52 verbose readDependencies loading dependencies from /Users/moshujian/Documents/MyProject/Braeco_manage/package.json
53 silly cache add args [ 'BufferHelper', null ]
54 verbose cache add spec BufferHelper
55 silly cache add parsed spec { raw: 'BufferHelper',
55 silly cache add   scope: null,
55 silly cache add   name: 'BufferHelper',
55 silly cache add   rawSpec: '',
55 silly cache add   spec: '*',
55 silly cache add   type: 'range' }
56 silly addNamed BufferHelper@*
57 verbose addNamed "*" is a valid semver range for BufferHelper
58 silly addNameRange { name: 'BufferHelper', range: '*', hasData: false }
59 silly mapToRegistry name BufferHelper
60 silly mapToRegistry using default registry
61 silly mapToRegistry registry https://registry.npmjs.org/
62 silly mapToRegistry uri https://registry.npmjs.org/BufferHelper
63 verbose addNameRange registry:https://registry.npmjs.org/BufferHelper not in flight; fetching
64 verbose request uri https://registry.npmjs.org/BufferHelper
65 verbose request no auth needed
66 info attempt registry request try #1 at 14:29:01
67 verbose request id edc7e70fc3ce0d83
68 http request GET https://registry.npmjs.org/BufferHelper
69 http 404 https://registry.npmjs.org/BufferHelper
70 verbose headers { 'content-type': 'application/json',
70 verbose headers   'cache-control': 'max-age=0',
70 verbose headers   'content-length': '2',
70 verbose headers   'accept-ranges': 'bytes',
70 verbose headers   date: 'Fri, 03 Jun 2016 06:29:01 GMT',
70 verbose headers   via: '1.1 varnish',
70 verbose headers   age: '0',
70 verbose headers   connection: 'keep-alive',
70 verbose headers   'x-served-by': 'cache-sin6924-SIN',
70 verbose headers   'x-cache': 'MISS',
70 verbose headers   'x-cache-hits': '0',
70 verbose headers   'x-timer': 'S1464935341.628046,VS0,VE250',
70 verbose headers   vary: 'Accept-Encoding' }
71 silly get cb [ 404,
71 silly get   { 'content-type': 'application/json',
71 silly get     'cache-control': 'max-age=0',
71 silly get     'content-length': '2',
71 silly get     'accept-ranges': 'bytes',
71 silly get     date: 'Fri, 03 Jun 2016 06:29:01 GMT',
71 silly get     via: '1.1 varnish',
71 silly get     age: '0',
71 silly get     connection: 'keep-alive',
71 silly get     'x-served-by': 'cache-sin6924-SIN',
71 silly get     'x-cache': 'MISS',
71 silly get     'x-cache-hits': '0',
71 silly get     'x-timer': 'S1464935341.628046,VS0,VE250',
71 silly get     vary: 'Accept-Encoding' } ]
72 verbose stack Error: Registry returned 404 for GET on https://registry.npmjs.org/BufferHelper
72 verbose stack     at CachingRegistryClient.<anonymous> (/usr/local/lib/node_modules/npm/node_modules/npm-registry-client/lib/request.js:239:14)
72 verbose stack     at Request._callback (/usr/local/lib/node_modules/npm/node_modules/npm-registry-client/lib/request.js:170:14)
72 verbose stack     at Request.self.callback (/usr/local/lib/node_modules/npm/node_modules/request/request.js:368:22)
72 verbose stack     at Request.emit (events.js:110:17)
72 verbose stack     at Request.<anonymous> (/usr/local/lib/node_modules/npm/node_modules/request/request.js:1219:14)
72 verbose stack     at Request.emit (events.js:129:20)
72 verbose stack     at IncomingMessage.<anonymous> (/usr/local/lib/node_modules/npm/node_modules/request/request.js:1167:12)
72 verbose stack     at IncomingMessage.emit (events.js:129:20)
72 verbose stack     at _stream_readable.js:908:16
72 verbose stack     at process._tickCallback (node.js:355:11)
73 verbose statusCode 404
74 verbose pkgid BufferHelper
75 verbose cwd /Users/moshujian/Documents/MyProject/Braeco_manage
76 error Darwin 15.0.0
77 error argv "node" "/usr/local/bin/npm" "install" "BufferHelper" "--save-dev"
78 error node v0.12.4
79 error npm  v2.11.0
80 error code E404
81 error 404 Registry returned 404 for GET on https://registry.npmjs.org/BufferHelper
81 error 404
81 error 404 'BufferHelper' is not in the npm registry.
81 error 404 Your package name is not valid, because
81 error 404
81 error 404  1. name can no longer contain capital letters
81 error 404 It was specified as a dependency of 'Braeco_manage'
81 error 404
81 error 404 Note that you can also install from a
81 error 404 tarball, folder, http url, or git url.
82 verbose exit [ 1, true ]
